android/app/${rootProject.buildDir}/${project.name}/intermediates/manifest_merge_blame_file/debug/manifest-merger-blame-debug-report.txt
1<?xml version="1.0" encoding="utf-8"?>
2<manifest xmlns:android="http://schemas.android.com/apk/res/android"
3    package="com.elitattoo.clients"
4    android:versionCode="1"
5    android:versionName="1.0.0" >
6
7    <uses-sdk
8        android:minSdkVersion="21"
9        android:targetSdkVersion="34" />
10    <!--
11         The INTERNET permission is required for development. Specifically,
12         the Flutter tool needs it to communicate with the running application
13         to allow setting breakpoints, to provide hot reload, etc.
14    -->
15    <uses-permission android:name="android.permission.INTERNET" />
15-->src/main/AndroidManifest.xml:5:5-67
15-->src/main/AndroidManifest.xml:5:22-64
16    <uses-permission android:name="android.permission.ACCESS_NETWORK_STATE" /> <!-- Permisiuni Storage -->
16-->src/main/AndroidManifest.xml:6:5-79
16-->src/main/AndroidManifest.xml:6:22-76
17    <uses-permission android:name="android.permission.READ_EXTERNAL_STORAGE" />
17-->src/main/AndroidManifest.xml:9:5-80
17-->src/main/AndroidManifest.xml:9:22-77
18    <uses-permission android:name="android.permission.WRITE_EXTERNAL_STORAGE" /> <!-- Permisiuni Camera -->
18-->src/main/AndroidManifest.xml:10:5-81
18-->src/main/AndroidManifest.xml:10:22-78
19    <uses-permission android:name="android.permission.CAMERA" />
19-->src/main/AndroidManifest.xml:13:5-65
19-->src/main/AndroidManifest.xml:13:22-62
20
21    <uses-feature
21-->src/main/AndroidManifest.xml:14:5-84
22        android:name="android.hardware.camera"
22-->src/main/AndroidManifest.xml:14:19-57
23        android:required="true" /> <!-- Permisiuni Locație -->
23-->src/main/AndroidManifest.xml:14:58-81
24    <uses-permission android:name="android.permission.ACCESS_FINE_LOCATION" />
24-->src/main/AndroidManifest.xml:17:5-79
24-->src/main/AndroidManifest.xml:17:22-76
25    <uses-permission android:name="android.permission.ACCESS_COARSE_LOCATION" />
25-->src/main/AndroidManifest.xml:18:5-81
25-->src/main/AndroidManifest.xml:18:22-78
26    <uses-permission android:name="android.permission.FOREGROUND_SERVICE_LOCATION" /> <!-- Permisiuni Notificări -->
26-->src/main/AndroidManifest.xml:19:5-86
26-->src/main/AndroidManifest.xml:19:22-83
27    <uses-permission android:name="android.permission.POST_NOTIFICATIONS" />
27-->src/main/AndroidManifest.xml:22:5-77
27-->src/main/AndroidManifest.xml:22:22-74
28    <uses-permission android:name="android.permission.VIBRATE" />
28-->src/main/AndroidManifest.xml:23:5-66
28-->src/main/AndroidManifest.xml:23:22-63
29    <uses-permission android:name="android.permission.WAKE_LOCK" />
29-->[:firebase_analytics] AndroidManifest.xml:11:5-68
29-->[:firebase_analytics] AndroidManifest.xml:11:22-65
30
31    <uses-feature
31-->[com.google.android.gms:play-services-maps:18.2.0] AndroidManifest.xml:26:5-28:35
32        android:glEsVersion="0x00020000"
32-->[com.google.android.gms:play-services-maps:18.2.0] AndroidManifest.xml:27:9-41
33        android:required="true" />
33-->[com.google.android.gms:play-services-maps:18.2.0] AndroidManifest.xml:28:9-32
34
35    <queries>
35-->[com.google.android.gms:play-services-maps:18.2.0] AndroidManifest.xml:30:5-34:15
36
37        <!-- Needs to be explicitly declared on Android R+ -->
38        <package android:name="com.google.android.apps.maps" />
38-->[com.google.android.gms:play-services-maps:18.2.0] AndroidManifest.xml:33:9-64
38-->[com.google.android.gms:play-services-maps:18.2.0] AndroidManifest.xml:33:18-61
39    </queries> <!-- Required by older versions of Google Play services to create IID tokens -->
40    <uses-permission android:name="com.google.android.c2dm.permission.RECEIVE" />
40-->[com.google.firebase:firebase-messaging:23.4.1] AndroidManifest.xml:26:5-82
40-->[com.google.firebase:firebase-messaging:23.4.1] AndroidManifest.xml:26:22-79
41    <uses-permission android:name="com.google.android.gms.permission.AD_ID" />
41-->[com.google.android.gms:play-services-measurement-api:21.6.1] AndroidManifest.xml:25:5-79
41-->[com.google.android.gms:play-services-measurement-api:21.6.1] AndroidManifest.xml:25:22-76
42    <uses-permission android:name="android.permission.ACCESS_ADSERVICES_ATTRIBUTION" />
42-->[com.google.android.gms:play-services-measurement-api:21.6.1] AndroidManifest.xml:26:5-88
42-->[com.google.android.gms:play-services-measurement-api:21.6.1] AndroidManifest.xml:26:22-85
43    <uses-permission android:name="android.permission.ACCESS_ADSERVICES_AD_ID" />
43-->[com.google.android.gms:play-services-measurement-api:21.6.1] AndroidManifest.xml:27:5-82
43-->[com.google.android.gms:play-services-measurement-api:21.6.1] AndroidManifest.xml:27:22-79
44    <uses-permission android:name="com.google.android.finsky.permission.BIND_GET_INSTALL_REFERRER_SERVICE" />
44-->[com.google.android.gms:play-services-measurement:21.6.1] AndroidManifest.xml:26:5-110
44-->[com.google.android.gms:play-services-measurement:21.6.1] AndroidManifest.xml:26:22-107
45    <uses-permission android:name="com.google.android.providers.gsf.permission.READ_GSERVICES" />
45-->[com.google.android.recaptcha:recaptcha:18.4.0] AndroidManifest.xml:9:5-98
45-->[com.google.android.recaptcha:recaptcha:18.4.0] AndroidManifest.xml:9:22-95
46    <uses-permission android:name="android.permission.RECEIVE_BOOT_COMPLETED" />
46-->[androidx.work:work-runtime:2.9.0] AndroidManifest.xml:25:5-81
46-->[androidx.work:work-runtime:2.9.0] AndroidManifest.xml:25:22-78
47    <uses-permission android:name="android.permission.FOREGROUND_SERVICE" />
47-->[androidx.work:work-runtime:2.9.0] AndroidManifest.xml:26:5-77
47-->[androidx.work:work-runtime:2.9.0] AndroidManifest.xml:26:22-74
48
49    <permission
49-->[androidx.core:core:1.13.1] AndroidManifest.xml:22:5-24:47
50        android:name="com.elitattoo.clients.DYNAMIC_RECEIVER_NOT_EXPORTED_PERMISSION"
50-->[androidx.core:core:1.13.1] AndroidManifest.xml:23:9-81
51        android:protectionLevel="signature" />
51-->[androidx.core:core:1.13.1] AndroidManifest.xml:24:9-44
52
53    <uses-permission android:name="com.elitattoo.clients.DYNAMIC_RECEIVER_NOT_EXPORTED_PERMISSION" />
53-->[androidx.core:core:1.13.1] AndroidManifest.xml:26:5-97
53-->[androidx.core:core:1.13.1] AndroidManifest.xml:26:22-94
54
55    <application
55-->src/main/AndroidManifest.xml:25:5-82:19
56        android:name="com.elitattoo.clients.MainApplication"
56-->src/main/AndroidManifest.xml:27:9-40
57        android:appComponentFactory="androidx.core.app.CoreComponentFactory"
57-->[androidx.core:core:1.13.1] AndroidManifest.xml:28:18-86
58        android:debuggable="true"
59        android:icon="@mipmap/ic_launcher"
59-->src/main/AndroidManifest.xml:28:9-43
60        android:label="Eli Tattoo"
60-->src/main/AndroidManifest.xml:26:9-35
61        android:usesCleartextTraffic="true" >
61-->src/main/AndroidManifest.xml:29:9-44
62        <activity
62-->src/main/AndroidManifest.xml:31:9-54:20
63            android:name="com.elitattoo.clients.MainActivity"
63-->src/main/AndroidManifest.xml:32:13-41
64            android:configChanges="orientation|keyboardHidden|keyboard|screenSize|smallestScreenSize|locale|layoutDirection|fontScale|screenLayout|density|uiMode"
64-->src/main/AndroidManifest.xml:36:13-163
65            android:exported="true"
65-->src/main/AndroidManifest.xml:33:13-36
66            android:hardwareAccelerated="true"
66-->src/main/AndroidManifest.xml:37:13-47
67            android:launchMode="singleTop"
67-->src/main/AndroidManifest.xml:34:13-43
68            android:theme="@style/LaunchTheme"
68-->src/main/AndroidManifest.xml:35:13-47
69            android:windowSoftInputMode="adjustResize" >
69-->src/main/AndroidManifest.xml:38:13-55
70            <meta-data
70-->src/main/AndroidManifest.xml:40:13-42:55
71                android:name="io.flutter.embedding.android.NormalTheme"
71-->src/main/AndroidManifest.xml:41:15-70
72                android:resource="@style/NormalTheme" />
72-->src/main/AndroidManifest.xml:42:15-52
73
74            <intent-filter>
74-->src/main/AndroidManifest.xml:44:13-47:29
75                <action android:name="android.intent.action.MAIN" />
75-->src/main/AndroidManifest.xml:45:17-68
75-->src/main/AndroidManifest.xml:45:25-66
76
77                <category android:name="android.intent.category.LAUNCHER" />
77-->src/main/AndroidManifest.xml:46:17-76
77-->src/main/AndroidManifest.xml:46:27-74
78            </intent-filter>
79
80            <!-- Pentru Firebase Cloud Messaging -->
81            <intent-filter>
81-->src/main/AndroidManifest.xml:50:13-53:29
82                <action android:name="FLUTTER_NOTIFICATION_CLICK" />
82-->src/main/AndroidManifest.xml:51:17-69
82-->src/main/AndroidManifest.xml:51:25-66
83
84                <category android:name="android.intent.category.DEFAULT" />
84-->src/main/AndroidManifest.xml:52:17-76
84-->src/main/AndroidManifest.xml:52:27-73
85            </intent-filter>
86        </activity>
87
88        <!--
89             Don't delete the meta-data below.
90             This is used by the Flutter tool to generate GeneratedPluginRegistrant.java
91        -->
92        <meta-data
92-->src/main/AndroidManifest.xml:58:9-60:33
93            android:name="flutterEmbedding"
93-->src/main/AndroidManifest.xml:59:13-44
94            android:value="2" />
94-->src/main/AndroidManifest.xml:60:13-30
95
96        <!-- Google Maps API Key -->
97        <meta-data
97-->src/main/AndroidManifest.xml:63:9-65:70
98            android:name="com.google.android.geo.API_KEY"
98-->src/main/AndroidManifest.xml:64:13-58
99            android:value="AIzaSyB8Zu7fBpGthIbGrRHflpXJzzclkYtpU2M" />
99-->src/main/AndroidManifest.xml:65:13-68
100
101        <!-- Firebase Messaging Service -->
102        <service
102-->src/main/AndroidManifest.xml:68:9-74:19
103            android:name="com.elitattoo.clients.MyFirebaseMessagingService"
103-->src/main/AndroidManifest.xml:69:13-55
104            android:exported="false" >
104-->src/main/AndroidManifest.xml:70:13-37
105            <intent-filter>
105-->src/main/AndroidManifest.xml:71:13-73:29
106                <action android:name="com.google.firebase.MESSAGING_EVENT" />
106-->src/main/AndroidManifest.xml:72:17-78
106-->src/main/AndroidManifest.xml:72:25-75
107            </intent-filter>
108        </service>
109
110        <!-- Service pentru locație în fundal -->
111        <service
111-->src/main/AndroidManifest.xml:77:9-80:40
112            android:name="com.elitattoo.services.LocationService"
112-->src/main/AndroidManifest.xml:78:13-66
113            android:enabled="true"
113-->src/main/AndroidManifest.xml:79:13-35
114            android:exported="false" />
114-->src/main/AndroidManifest.xml:80:13-37
115        <service
115-->[:cloud_firestore] AndroidManifest.xml:10:9-14:19
116            android:name="com.google.firebase.components.ComponentDiscoveryService"
116-->[:cloud_firestore] AndroidManifest.xml:10:18-89
117            android:directBootAware="true"
117-->[com.google.firebase:firebase-common:20.4.3] AndroidManifest.xml:32:13-43
118            android:exported="false" >
118-->[com.google.firebase:firebase-auth-ktx:22.3.1] AndroidManifest.xml:10:13-37
119            <meta-data
119-->[:cloud_firestore] AndroidManifest.xml:11:13-13:85
120                android:name="com.google.firebase.components:io.flutter.plugins.firebase.firestore.FlutterFirebaseFirestoreRegistrar"
120-->[:cloud_firestore] AndroidManifest.xml:12:17-134
121                android:value="com.google.firebase.components.ComponentRegistrar" />
121-->[:cloud_firestore] AndroidManifest.xml:13:17-82
122            <meta-data
122-->[:firebase_analytics] AndroidManifest.xml:15:13-17:85
123                android:name="com.google.firebase.components:io.flutter.plugins.firebase.analytics.FlutterFirebaseAppRegistrar"
123-->[:firebase_analytics] AndroidManifest.xml:16:17-128
124                android:value="com.google.firebase.components.ComponentRegistrar" />
124-->[:firebase_analytics] AndroidManifest.xml:17:17-82
125            <meta-data
125-->[:firebase_auth] AndroidManifest.xml:11:13-13:85
126                android:name="com.google.firebase.components:io.flutter.plugins.firebase.auth.FlutterFirebaseAuthRegistrar"
126-->[:firebase_auth] AndroidManifest.xml:12:17-124
127                android:value="com.google.firebase.components.ComponentRegistrar" />
127-->[:firebase_auth] AndroidManifest.xml:13:17-82
128            <meta-data
128-->[:firebase_messaging] AndroidManifest.xml:38:13-40:85
129                android:name="com.google.firebase.components:io.flutter.plugins.firebase.messaging.FlutterFirebaseAppRegistrar"
129-->[:firebase_messaging] AndroidManifest.xml:39:17-128
130                android:value="com.google.firebase.components.ComponentRegistrar" />
130-->[:firebase_messaging] AndroidManifest.xml:40:17-82
131            <meta-data
131-->[:firebase_storage] AndroidManifest.xml:11:13-13:85
132                android:name="com.google.firebase.components:io.flutter.plugins.firebase.storage.FlutterFirebaseAppRegistrar"
132-->[:firebase_storage] AndroidManifest.xml:12:17-126
133                android:value="com.google.firebase.components.ComponentRegistrar" />
133-->[:firebase_storage] AndroidManifest.xml:13:17-82
134            <meta-data
134-->[:firebase_core] AndroidManifest.xml:11:13-13:85
135                android:name="com.google.firebase.components:io.flutter.plugins.firebase.core.FlutterFirebaseCoreRegistrar"
135-->[:firebase_core] AndroidManifest.xml:12:17-124
136                android:value="com.google.firebase.components.ComponentRegistrar" />
136-->[:firebase_core] AndroidManifest.xml:13:17-82
137            <meta-data
137-->[com.google.firebase:firebase-auth-ktx:22.3.1] AndroidManifest.xml:11:13-13:85
138                android:name="com.google.firebase.components:com.google.firebase.auth.ktx.FirebaseAuthLegacyRegistrar"
138-->[com.google.firebase:firebase-auth-ktx:22.3.1] AndroidManifest.xml:12:17-119
139                android:value="com.google.firebase.components.ComponentRegistrar" />
139-->[com.google.firebase:firebase-auth-ktx:22.3.1] AndroidManifest.xml:13:17-82
140            <meta-data
140-->[com.google.firebase:firebase-auth:22.3.1] AndroidManifest.xml:69:13-71:85
141                android:name="com.google.firebase.components:com.google.firebase.auth.FirebaseAuthRegistrar"
141-->[com.google.firebase:firebase-auth:22.3.1] AndroidManifest.xml:70:17-109
142                android:value="com.google.firebase.components.ComponentRegistrar" />
142-->[com.google.firebase:firebase-auth:22.3.1] AndroidManifest.xml:71:17-82
143            <meta-data
143-->[com.google.firebase:firebase-firestore-ktx:24.11.0] AndroidManifest.xml:12:13-14:85
144                android:name="com.google.firebase.components:com.google.firebase.firestore.ktx.FirebaseFirestoreLegacyRegistrar"
144-->[com.google.firebase:firebase-firestore-ktx:24.11.0] AndroidManifest.xml:13:17-129
145                android:value="com.google.firebase.components.ComponentRegistrar" />
145-->[com.google.firebase:firebase-firestore-ktx:24.11.0] AndroidManifest.xml:14:17-82
146            <meta-data
146-->[com.google.firebase:firebase-firestore:24.11.0] AndroidManifest.xml:17:13-19:85
147                android:name="com.google.firebase.components:com.google.firebase.firestore.FirebaseFirestoreKtxRegistrar"
147-->[com.google.firebase:firebase-firestore:24.11.0] AndroidManifest.xml:18:17-122
148                android:value="com.google.firebase.components.ComponentRegistrar" />
148-->[com.google.firebase:firebase-firestore:24.11.0] AndroidManifest.xml:19:17-82
149            <meta-data
149-->[com.google.firebase:firebase-firestore:24.11.0] AndroidManifest.xml:20:13-22:85
150                android:name="com.google.firebase.components:com.google.firebase.firestore.FirestoreRegistrar"
150-->[com.google.firebase:firebase-firestore:24.11.0] AndroidManifest.xml:21:17-111
151                android:value="com.google.firebase.components.ComponentRegistrar" />
151-->[com.google.firebase:firebase-firestore:24.11.0] AndroidManifest.xml:22:17-82
152            <meta-data
152-->[com.google.firebase:firebase-storage-ktx:20.3.0] AndroidManifest.xml:12:13-14:85
153                android:name="com.google.firebase.components:com.google.firebase.storage.ktx.FirebaseStorageLegacyRegistrar"
153-->[com.google.firebase:firebase-storage-ktx:20.3.0] AndroidManifest.xml:13:17-125
154                android:value="com.google.firebase.components.ComponentRegistrar" />
154-->[com.google.firebase:firebase-storage-ktx:20.3.0] AndroidManifest.xml:14:17-82
155            <meta-data
155-->[com.google.firebase:firebase-analytics-ktx:21.6.1] AndroidManifest.xml:11:13-13:85
156                android:name="com.google.firebase.components:com.google.firebase.analytics.ktx.FirebaseAnalyticsLegacyRegistrar"
156-->[com.google.firebase:firebase-analytics-ktx:21.6.1] AndroidManifest.xml:12:17-129
157                android:value="com.google.firebase.components.ComponentRegistrar" />
157-->[com.google.firebase:firebase-analytics-ktx:21.6.1] AndroidManifest.xml:13:17-82
158            <meta-data
158-->[com.google.firebase:firebase-messaging-ktx:23.4.1] AndroidManifest.xml:26:13-28:85
159                android:name="com.google.firebase.components:com.google.firebase.messaging.ktx.FirebaseMessagingLegacyRegistrar"
159-->[com.google.firebase:firebase-messaging-ktx:23.4.1] AndroidManifest.xml:27:17-129
160                android:value="com.google.firebase.components.ComponentRegistrar" />
160-->[com.google.firebase:firebase-messaging-ktx:23.4.1] AndroidManifest.xml:28:17-82
161            <meta-data
161-->[com.google.firebase:firebase-messaging:23.4.1] AndroidManifest.xml:57:13-59:85
162                android:name="com.google.firebase.components:com.google.firebase.messaging.FirebaseMessagingKtxRegistrar"
162-->[com.google.firebase:firebase-messaging:23.4.1] AndroidManifest.xml:58:17-122
163                android:value="com.google.firebase.components.ComponentRegistrar" />
163-->[com.google.firebase:firebase-messaging:23.4.1] AndroidManifest.xml:59:17-82
164            <meta-data
164-->[com.google.firebase:firebase-messaging:23.4.1] AndroidManifest.xml:60:13-62:85
165                android:name="com.google.firebase.components:com.google.firebase.messaging.FirebaseMessagingRegistrar"
165-->[com.google.firebase:firebase-messaging:23.4.1] AndroidManifest.xml:61:17-119
166                android:value="com.google.firebase.components.ComponentRegistrar" />
166-->[com.google.firebase:firebase-messaging:23.4.1] AndroidManifest.xml:62:17-82
167            <meta-data
167-->[com.google.firebase:firebase-storage:20.3.0] AndroidManifest.xml:30:13-32:85
168                android:name="com.google.firebase.components:com.google.firebase.storage.FirebaseStorageKtxRegistrar"
168-->[com.google.firebase:firebase-storage:20.3.0] AndroidManifest.xml:31:17-118
169                android:value="com.google.firebase.components.ComponentRegistrar" />
169-->[com.google.firebase:firebase-storage:20.3.0] AndroidManifest.xml:32:17-82
170            <meta-data
170-->[com.google.firebase:firebase-storage:20.3.0] AndroidManifest.xml:33:13-35:85
171                android:name="com.google.firebase.components:com.google.firebase.storage.StorageRegistrar"
171-->[com.google.firebase:firebase-storage:20.3.0] AndroidManifest.xml:34:17-107
172                android:value="com.google.firebase.components.ComponentRegistrar" />
172-->[com.google.firebase:firebase-storage:20.3.0] AndroidManifest.xml:35:17-82
173            <meta-data
173-->[com.google.android.gms:play-services-measurement-api:21.6.1] AndroidManifest.xml:37:13-39:85
174                android:name="com.google.firebase.components:com.google.firebase.analytics.connector.internal.AnalyticsConnectorRegistrar"
174-->[com.google.android.gms:play-services-measurement-api:21.6.1] AndroidManifest.xml:38:17-139
175                android:value="com.google.firebase.components.ComponentRegistrar" />
175-->[com.google.android.gms:play-services-measurement-api:21.6.1] AndroidManifest.xml:39:17-82
176            <meta-data
176-->[com.google.firebase:firebase-installations:17.2.0] AndroidManifest.xml:15:13-17:85
177                android:name="com.google.firebase.components:com.google.firebase.installations.FirebaseInstallationsKtxRegistrar"
177-->[com.google.firebase:firebase-installations:17.2.0] AndroidManifest.xml:16:17-130
178                android:value="com.google.firebase.components.ComponentRegistrar" />
178-->[com.google.firebase:firebase-installations:17.2.0] AndroidManifest.xml:17:17-82
179            <meta-data
179-->[com.google.firebase:firebase-installations:17.2.0] AndroidManifest.xml:18:13-20:85
180                android:name="com.google.firebase.components:com.google.firebase.installations.FirebaseInstallationsRegistrar"
180-->[com.google.firebase:firebase-installations:17.2.0] AndroidManifest.xml:19:17-127
181                android:value="com.google.firebase.components.ComponentRegistrar" />
181-->[com.google.firebase:firebase-installations:17.2.0] AndroidManifest.xml:20:17-82
182            <meta-data
182-->[com.google.firebase:firebase-appcheck:17.1.2] AndroidManifest.xml:25:13-27:85
183                android:name="com.google.firebase.components:com.google.firebase.appcheck.FirebaseAppCheckKtxRegistrar"
183-->[com.google.firebase:firebase-appcheck:17.1.2] AndroidManifest.xml:26:17-120
184                android:value="com.google.firebase.components.ComponentRegistrar" />
184-->[com.google.firebase:firebase-appcheck:17.1.2] AndroidManifest.xml:27:17-82
185            <meta-data
185-->[com.google.firebase:firebase-appcheck:17.1.2] AndroidManifest.xml:28:13-30:85
186                android:name="com.google.firebase.components:com.google.firebase.appcheck.FirebaseAppCheckRegistrar"
186-->[com.google.firebase:firebase-appcheck:17.1.2] AndroidManifest.xml:29:17-117
187                android:value="com.google.firebase.components.ComponentRegistrar" />
187-->[com.google.firebase:firebase-appcheck:17.1.2] AndroidManifest.xml:30:17-82
188            <meta-data
188-->[com.google.firebase:firebase-common-ktx:20.4.3] AndroidManifest.xml:12:13-14:85
189                android:name="com.google.firebase.components:com.google.firebase.ktx.FirebaseCommonLegacyRegistrar"
189-->[com.google.firebase:firebase-common-ktx:20.4.3] AndroidManifest.xml:13:17-116
190                android:value="com.google.firebase.components.ComponentRegistrar" />
190-->[com.google.firebase:firebase-common-ktx:20.4.3] AndroidManifest.xml:14:17-82
191            <meta-data
191-->[com.google.firebase:firebase-common:20.4.3] AndroidManifest.xml:35:13-37:85
192                android:name="com.google.firebase.components:com.google.firebase.FirebaseCommonKtxRegistrar"
192-->[com.google.firebase:firebase-common:20.4.3] AndroidManifest.xml:36:17-109
193                android:value="com.google.firebase.components.ComponentRegistrar" />
193-->[com.google.firebase:firebase-common:20.4.3] AndroidManifest.xml:37:17-82
194            <meta-data
194-->[com.google.firebase:firebase-datatransport:18.1.7] AndroidManifest.xml:27:13-29:85
195                android:name="com.google.firebase.components:com.google.firebase.datatransport.TransportRegistrar"
195-->[com.google.firebase:firebase-datatransport:18.1.7] AndroidManifest.xml:28:17-115
196                android:value="com.google.firebase.components.ComponentRegistrar" />
196-->[com.google.firebase:firebase-datatransport:18.1.7] AndroidManifest.xml:29:17-82
197        </service>
198        <service
198-->[:firebase_messaging] AndroidManifest.xml:16:9-19:72
199            android:name="io.flutter.plugins.firebase.messaging.FlutterFirebaseMessagingBackgroundService"
199-->[:firebase_messaging] AndroidManifest.xml:17:13-107
200            android:exported="false"
200-->[:firebase_messaging] AndroidManifest.xml:18:13-37
201            android:permission="android.permission.BIND_JOB_SERVICE" />
201-->[:firebase_messaging] AndroidManifest.xml:19:13-69
202        <service
202-->[:firebase_messaging] AndroidManifest.xml:20:9-26:19
203            android:name="io.flutter.plugins.firebase.messaging.FlutterFirebaseMessagingService"
203-->[:firebase_messaging] AndroidManifest.xml:21:13-97
204            android:exported="false" >
204-->[:firebase_messaging] AndroidManifest.xml:22:13-37
205            <intent-filter>
205-->src/main/AndroidManifest.xml:71:13-73:29
206                <action android:name="com.google.firebase.MESSAGING_EVENT" />
206-->src/main/AndroidManifest.xml:72:17-78
206-->src/main/AndroidManifest.xml:72:25-75
207            </intent-filter>
208        </service>
209
210        <receiver
210-->[:firebase_messaging] AndroidManifest.xml:28:9-35:20
211            android:name="io.flutter.plugins.firebase.messaging.FlutterFirebaseMessagingReceiver"
211-->[:firebase_messaging] AndroidManifest.xml:29:13-98
212            android:exported="true"
212-->[:firebase_messaging] AndroidManifest.xml:30:13-36
213            android:permission="com.google.android.c2dm.permission.SEND" >
213-->[:firebase_messaging] AndroidManifest.xml:31:13-73
214            <intent-filter>
214-->[:firebase_messaging] AndroidManifest.xml:32:13-34:29
215                <action android:name="com.google.android.c2dm.intent.RECEIVE" />
215-->[:firebase_messaging] AndroidManifest.xml:33:17-81
215-->[:firebase_messaging] AndroidManifest.xml:33:25-78
216            </intent-filter>
217        </receiver>
218
219        <provider
219-->[:firebase_messaging] AndroidManifest.xml:43:9-47:38
220            android:name="io.flutter.plugins.firebase.messaging.FlutterFirebaseMessagingInitProvider"
220-->[:firebase_messaging] AndroidManifest.xml:44:13-102
221            android:authorities="com.elitattoo.clients.flutterfirebasemessaginginitprovider"
221-->[:firebase_messaging] AndroidManifest.xml:45:13-88
222            android:exported="false"
222-->[:firebase_messaging] AndroidManifest.xml:46:13-37
223            android:initOrder="99" />
223-->[:firebase_messaging] AndroidManifest.xml:47:13-35
224        <provider
224-->[:image_picker_android] AndroidManifest.xml:11:9-19:20
225            android:name="io.flutter.plugins.imagepicker.ImagePickerFileProvider"
225-->[:image_picker_android] AndroidManifest.xml:12:13-82
226            android:authorities="com.elitattoo.clients.flutter.image_provider"
226-->[:image_picker_android] AndroidManifest.xml:13:13-74
227            android:exported="false"
227-->[:image_picker_android] AndroidManifest.xml:14:13-37
228            android:grantUriPermissions="true" >
228-->[:image_picker_android] AndroidManifest.xml:15:13-47
229            <meta-data
229-->[:image_picker_android] AndroidManifest.xml:16:13-18:75
230                android:name="android.support.FILE_PROVIDER_PATHS"
230-->[:image_picker_android] AndroidManifest.xml:17:17-67
231                android:resource="@xml/flutter_image_picker_file_paths" />
231-->[:image_picker_android] AndroidManifest.xml:18:17-72
232        </provider> <!-- Trigger Google Play services to install the backported photo picker module. -->
233        <service
233-->[:image_picker_android] AndroidManifest.xml:21:9-33:19
234            android:name="com.google.android.gms.metadata.ModuleDependencies"
234-->[:image_picker_android] AndroidManifest.xml:22:13-78
235            android:enabled="false"
235-->[:image_picker_android] AndroidManifest.xml:23:13-36
236            android:exported="false" >
236-->[:image_picker_android] AndroidManifest.xml:24:13-37
237            <intent-filter>
237-->[:image_picker_android] AndroidManifest.xml:26:13-28:29
238                <action android:name="com.google.android.gms.metadata.MODULE_DEPENDENCIES" />
238-->[:image_picker_android] AndroidManifest.xml:27:17-94
238-->[:image_picker_android] AndroidManifest.xml:27:25-91
239            </intent-filter>
240
241            <meta-data
241-->[:image_picker_android] AndroidManifest.xml:30:13-32:36
242                android:name="photopicker_activity:0:required"
242-->[:image_picker_android] AndroidManifest.xml:31:17-63
243                android:value="" />
243-->[:image_picker_android] AndroidManifest.xml:32:17-33
244        </service>
245        <service
245-->[:geolocator_android] AndroidManifest.xml:10:9-14:56
246            android:name="com.baseflow.geolocator.GeolocatorLocationService"
246-->[:geolocator_android] AndroidManifest.xml:11:13-77
247            android:enabled="true"
247-->[:geolocator_android] AndroidManifest.xml:12:13-35
248            android:exported="false"
248-->[:geolocator_android] AndroidManifest.xml:13:13-37
249            android:foregroundServiceType="location" />
249-->[:geolocator_android] AndroidManifest.xml:14:13-53
250        <service
250-->[:location] AndroidManifest.xml:13:9-17:56
251            android:name="com.lyokone.location.FlutterLocationService"
251-->[:location] AndroidManifest.xml:14:13-71
252            android:enabled="true"
252-->[:location] AndroidManifest.xml:15:13-35
253            android:exported="false"
253-->[:location] AndroidManifest.xml:16:13-37
254            android:foregroundServiceType="location" />
254-->[:location] AndroidManifest.xml:17:13-53
255
256        <activity
256-->[:url_launcher_android] AndroidManifest.xml:10:9-13:74
257            android:name="io.flutter.plugins.urllauncher.WebViewActivity"
257-->[:url_launcher_android] AndroidManifest.xml:11:13-74
258            android:exported="false"
258-->[:url_launcher_android] AndroidManifest.xml:12:13-37
259            android:theme="@android:style/Theme.NoTitleBar.Fullscreen" />
259-->[:url_launcher_android] AndroidManifest.xml:13:13-71
260        <activity
260-->[com.google.firebase:firebase-auth:22.3.1] AndroidManifest.xml:29:9-46:20
261            android:name="com.google.firebase.auth.internal.GenericIdpActivity"
261-->[com.google.firebase:firebase-auth:22.3.1] AndroidManifest.xml:30:13-80
262            android:excludeFromRecents="true"